<?xml version="1.0" encoding="UTF-8"?>
<!-- Generated by org.testng.reporters.JUnitXMLReporter -->
<testsuite ignored="0" hostname="DESKTOP-TRGGSFM" failures="0" tests="22" name="Default test" time="245.817" errors="0" timestamp="2024-08-22T14:28:22 IST">
  <testcase classname="USDC.SHARDA_ONLINE" name="TESTCASES37" time="5.789"/>
  <testcase classname="USDC.SHARDA_ONLINE" name="TESTCASES38" time="5.478"/>
  <testcase classname="USDC.SHARDA_ONLINE" name="TESTCASES39" time="5.877"/>
  <testcase classname="USDC.SHARDA_ONLINE" name="TESTCASES40" time="5.453"/>
  <testcase classname="USDC.SHARDA_ONLINE" name="TESTCASES41" time="5.61"/>
  <testcase classname="USDC.SHARDA_ONLINE" name="TESTCASES42" time="7.177"/>
  <testcase classname="USDC.SHARDA_ONLINE" name="TESTCASES43" time="5.513"/>
  <testcase classname="USDC.SHARDA_ONLINE" name="TESTCASES44" time="5.607"/>
  <testcase classname="USDC.SHARDA_ONLINE" name="TESTCASES45" time="5.711"/>
  <testcase classname="USDC.SHARDA_ONLINE" name="TESTCASES46" time="5.389"/>
  <testcase classname="USDC.SHARDA_ONLINE" name="TESTCASES47" time="5.606"/>
  <testcase classname="USDC.SHARDA_ONLINE" name="TESTCASES48" time="9.712"/>
  <testcase classname="USDC.SHARDA_ONLINE" name="TESTCASES49" time="9.945"/>
  <testcase classname="USDC.SHARDA_ONLINE" name="TESTCASES50" time="10.215"/>
  <testcase classname="USDC.SHARDA_ONLINE" name="TESTCASES51" time="10.288"/>
  <testcase classname="USDC.SHARDA_ONLINE" name="TESTCASES52" time="10.15"/>
  <testcase classname="USDC.SHARDA_ONLINE" name="TESTCASES53" time="9.972"/>
  <testcase classname="USDC.SHARDA_ONLINE" name="TESTCASES54" time="11.606"/>
  <testcase classname="USDC.SHARDA_ONLINE" name="TESTCASES55" time="10.052"/>
  <testcase classname="USDC.SHARDA_ONLINE" name="TESTCASES56" time="10.182"/>
  <testcase classname="USDC.SHARDA_ONLINE" name="TESTCASES57" time="10.141"/>
  <testcase classname="USDC.SHARDA_ONLINE" name="TESTCASES58" time="10.02"/>
</testsuite> <!-- Default test -->
