<?xml version="1.0" encoding="UTF-8"?>
<testng-results ignored="0" total="22" passed="22" failed="0" skipped="0">
  <reporter-output>
  </reporter-output>
  <suite started-at="2024-08-22T14:24:16 IST" name="Default suite" finished-at="2024-08-22T14:28:22 IST" duration-ms="245817">
    <groups>
    </groups>
    <test started-at="2024-08-22T14:24:16 IST" name="Default test" finished-at="2024-08-22T14:28:22 IST" duration-ms="245817">
      <class name="USDC.SHARDA_ONLINE">
        <test-method is-config="true" signature="setUp()[pri:0, instance:USDC.SHARDA_ONLINE@13fd2ccd]" started-at="2024-08-22T14:24:16 IST" name="setUp" finished-at="2024-08-22T14:24:21 IST" duration-ms="4913" status="PASS">
          <reporter-output>
          </reporter-output>
        </test-method> <!-- setUp -->
        <test-method signature="TESTCASES37()[pri:37, instance:USDC.SHARDA_ONLINE@13fd2ccd]" started-at="2024-08-22T14:24:21 IST" name="TESTCASES37" finished-at="2024-08-22T14:24:27 IST" duration-ms="5789" status="PASS">
          <reporter-output>
          </reporter-output>
        </test-method> <!-- TESTCASES37 -->
        <test-method is-config="true" signature="setUp()[pri:0, instance:USDC.SHARDA_ONLINE@13fd2ccd]" started-at="2024-08-22T14:24:27 IST" name="setUp" finished-at="2024-08-22T14:24:30 IST" duration-ms="2940" status="PASS">
          <reporter-output>
          </reporter-output>
        </test-method> <!-- setUp -->
        <test-method signature="TESTCASES38()[pri:38, instance:USDC.SHARDA_ONLINE@13fd2ccd]" started-at="2024-08-22T14:24:30 IST" name="TESTCASES38" finished-at="2024-08-22T14:24:35 IST" duration-ms="5478" status="PASS">
          <reporter-output>
          </reporter-output>
        </test-method> <!-- TESTCASES38 -->
        <test-method is-config="true" signature="setUp()[pri:0, instance:USDC.SHARDA_ONLINE@13fd2ccd]" started-at="2024-08-22T14:24:35 IST" name="setUp" finished-at="2024-08-22T14:24:38 IST" duration-ms="3029" status="PASS">
          <reporter-output>
          </reporter-output>
        </test-method> <!-- setUp -->
        <test-method signature="TESTCASES39()[pri:39, instance:USDC.SHARDA_ONLINE@13fd2ccd]" started-at="2024-08-22T14:24:38 IST" name="TESTCASES39" finished-at="2024-08-22T14:24:44 IST" duration-ms="5877" status="PASS">
          <reporter-output>
          </reporter-output>
        </test-method> <!-- TESTCASES39 -->
        <test-method is-config="true" signature="setUp()[pri:0, instance:USDC.SHARDA_ONLINE@13fd2ccd]" started-at="2024-08-22T14:24:44 IST" name="setUp" finished-at="2024-08-22T14:24:48 IST" duration-ms="3167" status="PASS">
          <reporter-output>
          </reporter-output>
        </test-method> <!-- setUp -->
        <test-method signature="TESTCASES40()[pri:40, instance:USDC.SHARDA_ONLINE@13fd2ccd]" started-at="2024-08-22T14:24:48 IST" name="TESTCASES40" finished-at="2024-08-22T14:24:53 IST" duration-ms="5453" status="PASS">
          <reporter-output>
          </reporter-output>
        </test-method> <!-- TESTCASES40 -->
        <test-method is-config="true" signature="setUp()[pri:0, instance:USDC.SHARDA_ONLINE@13fd2ccd]" started-at="2024-08-22T14:24:53 IST" name="setUp" finished-at="2024-08-22T14:24:56 IST" duration-ms="2905" status="PASS">
          <reporter-output>
          </reporter-output>
        </test-method> <!-- setUp -->
        <test-method signature="TESTCASES41()[pri:41, instance:USDC.SHARDA_ONLINE@13fd2ccd]" started-at="2024-08-22T14:24:56 IST" name="TESTCASES41" finished-at="2024-08-22T14:25:01 IST" duration-ms="5610" status="PASS">
          <reporter-output>
          </reporter-output>
        </test-method> <!-- TESTCASES41 -->
        <test-method is-config="true" signature="setUp()[pri:0, instance:USDC.SHARDA_ONLINE@13fd2ccd]" started-at="2024-08-22T14:25:01 IST" name="setUp" finished-at="2024-08-22T14:25:05 IST" duration-ms="3316" status="PASS">
          <reporter-output>
          </reporter-output>
        </test-method> <!-- setUp -->
        <test-method signature="TESTCASES42()[pri:42, instance:USDC.SHARDA_ONLINE@13fd2ccd]" started-at="2024-08-22T14:25:05 IST" name="TESTCASES42" finished-at="2024-08-22T14:25:12 IST" duration-ms="7177" status="PASS">
          <reporter-output>
          </reporter-output>
        </test-method> <!-- TESTCASES42 -->
        <test-method is-config="true" signature="setUp()[pri:0, instance:USDC.SHARDA_ONLINE@13fd2ccd]" started-at="2024-08-22T14:25:12 IST" name="setUp" finished-at="2024-08-22T14:25:15 IST" duration-ms="3223" status="PASS">
          <reporter-output>
          </reporter-output>
        </test-method> <!-- setUp -->
        <test-method signature="TESTCASES43()[pri:43, instance:USDC.SHARDA_ONLINE@13fd2ccd]" started-at="2024-08-22T14:25:15 IST" name="TESTCASES43" finished-at="2024-08-22T14:25:21 IST" duration-ms="5513" status="PASS">
          <reporter-output>
          </reporter-output>
        </test-method> <!-- TESTCASES43 -->
        <test-method is-config="true" signature="setUp()[pri:0, instance:USDC.SHARDA_ONLINE@13fd2ccd]" started-at="2024-08-22T14:25:21 IST" name="setUp" finished-at="2024-08-22T14:25:24 IST" duration-ms="3271" status="PASS">
          <reporter-output>
          </reporter-output>
        </test-method> <!-- setUp -->
        <test-method signature="TESTCASES44()[pri:44, instance:USDC.SHARDA_ONLINE@13fd2ccd]" started-at="2024-08-22T14:25:24 IST" name="TESTCASES44" finished-at="2024-08-22T14:25:30 IST" duration-ms="5607" status="PASS">
          <reporter-output>
          </reporter-output>
        </test-method> <!-- TESTCASES44 -->
        <test-method is-config="true" signature="setUp()[pri:0, instance:USDC.SHARDA_ONLINE@13fd2ccd]" started-at="2024-08-22T14:25:30 IST" name="setUp" finished-at="2024-08-22T14:25:32 IST" duration-ms="2829" status="PASS">
          <reporter-output>
          </reporter-output>
        </test-method> <!-- setUp -->
        <test-method signature="TESTCASES45()[pri:45, instance:USDC.SHARDA_ONLINE@13fd2ccd]" started-at="2024-08-22T14:25:32 IST" name="TESTCASES45" finished-at="2024-08-22T14:25:38 IST" duration-ms="5711" status="PASS">
          <reporter-output>
          </reporter-output>
        </test-method> <!-- TESTCASES45 -->
        <test-method is-config="true" signature="setUp()[pri:0, instance:USDC.SHARDA_ONLINE@13fd2ccd]" started-at="2024-08-22T14:25:38 IST" name="setUp" finished-at="2024-08-22T14:25:41 IST" duration-ms="3192" status="PASS">
          <reporter-output>
          </reporter-output>
        </test-method> <!-- setUp -->
        <test-method signature="TESTCASES46()[pri:46, instance:USDC.SHARDA_ONLINE@13fd2ccd]" started-at="2024-08-22T14:25:41 IST" name="TESTCASES46" finished-at="2024-08-22T14:25:47 IST" duration-ms="5389" status="PASS">
          <reporter-output>
          </reporter-output>
        </test-method> <!-- TESTCASES46 -->
        <test-method is-config="true" signature="setUp()[pri:0, instance:USDC.SHARDA_ONLINE@13fd2ccd]" started-at="2024-08-22T14:25:47 IST" name="setUp" finished-at="2024-08-22T14:25:50 IST" duration-ms="2911" status="PASS">
          <reporter-output>
          </reporter-output>
        </test-method> <!-- setUp -->
        <test-method signature="TESTCASES47()[pri:47, instance:USDC.SHARDA_ONLINE@13fd2ccd]" started-at="2024-08-22T14:25:50 IST" name="TESTCASES47" finished-at="2024-08-22T14:25:55 IST" duration-ms="5606" status="PASS">
          <reporter-output>
          </reporter-output>
        </test-method> <!-- TESTCASES47 -->
        <test-method is-config="true" signature="setUp()[pri:0, instance:USDC.SHARDA_ONLINE@13fd2ccd]" started-at="2024-08-22T14:25:55 IST" name="setUp" finished-at="2024-08-22T14:25:59 IST" duration-ms="3337" status="PASS">
          <reporter-output>
          </reporter-output>
        </test-method> <!-- setUp -->
        <test-method signature="TESTCASES48()[pri:48, instance:USDC.SHARDA_ONLINE@13fd2ccd]" started-at="2024-08-22T14:25:59 IST" name="TESTCASES48" finished-at="2024-08-22T14:26:08 IST" duration-ms="9712" status="PASS">
          <reporter-output>
          </reporter-output>
        </test-method> <!-- TESTCASES48 -->
        <test-method is-config="true" signature="setUp()[pri:0, instance:USDC.SHARDA_ONLINE@13fd2ccd]" started-at="2024-08-22T14:26:08 IST" name="setUp" finished-at="2024-08-22T14:26:11 IST" duration-ms="3138" status="PASS">
          <reporter-output>
          </reporter-output>
        </test-method> <!-- setUp -->
        <test-method signature="TESTCASES49()[pri:49, instance:USDC.SHARDA_ONLINE@13fd2ccd]" started-at="2024-08-22T14:26:11 IST" name="TESTCASES49" finished-at="2024-08-22T14:26:21 IST" duration-ms="9945" status="PASS">
          <reporter-output>
          </reporter-output>
        </test-method> <!-- TESTCASES49 -->
        <test-method is-config="true" signature="setUp()[pri:0, instance:USDC.SHARDA_ONLINE@13fd2ccd]" started-at="2024-08-22T14:26:21 IST" name="setUp" finished-at="2024-08-22T14:26:24 IST" duration-ms="2875" status="PASS">
          <reporter-output>
          </reporter-output>
        </test-method> <!-- setUp -->
        <test-method signature="TESTCASES50()[pri:50, instance:USDC.SHARDA_ONLINE@13fd2ccd]" started-at="2024-08-22T14:26:24 IST" name="TESTCASES50" finished-at="2024-08-22T14:26:34 IST" duration-ms="10215" status="PASS">
          <reporter-output>
          </reporter-output>
        </test-method> <!-- TESTCASES50 -->
        <test-method is-config="true" signature="setUp()[pri:0, instance:USDC.SHARDA_ONLINE@13fd2ccd]" started-at="2024-08-22T14:26:34 IST" name="setUp" finished-at="2024-08-22T14:26:37 IST" duration-ms="2921" status="PASS">
          <reporter-output>
          </reporter-output>
        </test-method> <!-- setUp -->
        <test-method signature="TESTCASES51()[pri:51, instance:USDC.SHARDA_ONLINE@13fd2ccd]" started-at="2024-08-22T14:26:37 IST" name="TESTCASES51" finished-at="2024-08-22T14:26:48 IST" duration-ms="10288" status="PASS">
          <reporter-output>
          </reporter-output>
        </test-method> <!-- TESTCASES51 -->
        <test-method is-config="true" signature="setUp()[pri:0, instance:USDC.SHARDA_ONLINE@13fd2ccd]" started-at="2024-08-22T14:26:48 IST" name="setUp" finished-at="2024-08-22T14:26:51 IST" duration-ms="2910" status="PASS">
          <reporter-output>
          </reporter-output>
        </test-method> <!-- setUp -->
        <test-method signature="TESTCASES52()[pri:52, instance:USDC.SHARDA_ONLINE@13fd2ccd]" started-at="2024-08-22T14:26:51 IST" name="TESTCASES52" finished-at="2024-08-22T14:27:01 IST" duration-ms="10150" status="PASS">
          <reporter-output>
          </reporter-output>
        </test-method> <!-- TESTCASES52 -->
        <test-method is-config="true" signature="setUp()[pri:0, instance:USDC.SHARDA_ONLINE@13fd2ccd]" started-at="2024-08-22T14:27:01 IST" name="setUp" finished-at="2024-08-22T14:27:05 IST" duration-ms="3769" status="PASS">
          <reporter-output>
          </reporter-output>
        </test-method> <!-- setUp -->
        <test-method signature="TESTCASES53()[pri:53, instance:USDC.SHARDA_ONLINE@13fd2ccd]" started-at="2024-08-22T14:27:05 IST" name="TESTCASES53" finished-at="2024-08-22T14:27:14 IST" duration-ms="9972" status="PASS">
          <reporter-output>
          </reporter-output>
        </test-method> <!-- TESTCASES53 -->
        <test-method is-config="true" signature="setUp()[pri:0, instance:USDC.SHARDA_ONLINE@13fd2ccd]" started-at="2024-08-22T14:27:14 IST" name="setUp" finished-at="2024-08-22T14:27:18 IST" duration-ms="3156" status="PASS">
          <reporter-output>
          </reporter-output>
        </test-method> <!-- setUp -->
        <test-method signature="TESTCASES54()[pri:54, instance:USDC.SHARDA_ONLINE@13fd2ccd]" started-at="2024-08-22T14:27:18 IST" name="TESTCASES54" finished-at="2024-08-22T14:27:29 IST" duration-ms="11606" status="PASS">
          <reporter-output>
          </reporter-output>
        </test-method> <!-- TESTCASES54 -->
        <test-method is-config="true" signature="setUp()[pri:0, instance:USDC.SHARDA_ONLINE@13fd2ccd]" started-at="2024-08-22T14:27:29 IST" name="setUp" finished-at="2024-08-22T14:27:32 IST" duration-ms="2776" status="PASS">
          <reporter-output>
          </reporter-output>
        </test-method> <!-- setUp -->
        <test-method signature="TESTCASES55()[pri:55, instance:USDC.SHARDA_ONLINE@13fd2ccd]" started-at="2024-08-22T14:27:32 IST" name="TESTCASES55" finished-at="2024-08-22T14:27:42 IST" duration-ms="10052" status="PASS">
          <reporter-output>
          </reporter-output>
        </test-method> <!-- TESTCASES55 -->
        <test-method is-config="true" signature="setUp()[pri:0, instance:USDC.SHARDA_ONLINE@13fd2ccd]" started-at="2024-08-22T14:27:42 IST" name="setUp" finished-at="2024-08-22T14:27:45 IST" duration-ms="3190" status="PASS">
          <reporter-output>
          </reporter-output>
        </test-method> <!-- setUp -->
        <test-method signature="TESTCASES56()[pri:56, instance:USDC.SHARDA_ONLINE@13fd2ccd]" started-at="2024-08-22T14:27:45 IST" name="TESTCASES56" finished-at="2024-08-22T14:27:55 IST" duration-ms="10182" status="PASS">
          <reporter-output>
          </reporter-output>
        </test-method> <!-- TESTCASES56 -->
        <test-method is-config="true" signature="setUp()[pri:0, instance:USDC.SHARDA_ONLINE@13fd2ccd]" started-at="2024-08-22T14:27:55 IST" name="setUp" finished-at="2024-08-22T14:27:59 IST" duration-ms="3146" status="PASS">
          <reporter-output>
          </reporter-output>
        </test-method> <!-- setUp -->
        <test-method signature="TESTCASES57()[pri:57, instance:USDC.SHARDA_ONLINE@13fd2ccd]" started-at="2024-08-22T14:27:59 IST" name="TESTCASES57" finished-at="2024-08-22T14:28:09 IST" duration-ms="10141" status="PASS">
          <reporter-output>
          </reporter-output>
        </test-method> <!-- TESTCASES57 -->
        <test-method is-config="true" signature="setUp()[pri:0, instance:USDC.SHARDA_ONLINE@13fd2ccd]" started-at="2024-08-22T14:28:09 IST" name="setUp" finished-at="2024-08-22T14:28:12 IST" duration-ms="3299" status="PASS">
          <reporter-output>
          </reporter-output>
        </test-method> <!-- setUp -->
        <test-method signature="TESTCASES58()[pri:58, instance:USDC.SHARDA_ONLINE@13fd2ccd]" started-at="2024-08-22T14:28:12 IST" name="TESTCASES58" finished-at="2024-08-22T14:28:22 IST" duration-ms="10020" status="PASS">
          <reporter-output>
          </reporter-output>
        </test-method> <!-- TESTCASES58 -->
      </class> <!-- USDC.SHARDA_ONLINE -->
    </test> <!-- Default test -->
  </suite> <!-- Default suite -->
</testng-results>
